<?xml version="1.0" encoding="UTF-8"?>
<!-- Generated by org.testng.reporters.JUnitReportReporter -->
<testsuite hostname="DESKTOP-A19SVT3" failures="0" tests="2" name="Amazon.SearchProduct" time="121.671" errors="0" timestamp="2023-11-02T20:27:48 IST" skipped="0">
  <testcase classname="Amazon.SearchProduct" name="openApp" time="27.188"/>
  <system-out/>
  <testcase classname="Amazon.SearchProduct" name="searchProduct" time="94.483"/>
  <system-out/>
</testsuite> <!-- Amazon.SearchProduct -->
